<?xml version="1.0" encoding="UTF-8"?>
<!-- Generated by org.testng.reporters.JUnitXMLReporter -->
<testsuite ignored="5" hostname="Desktop-Bharat" failures="0" tests="1" name="Default test" time="8.099" errors="0" timestamp="2025-04-02T00:02:19 IST">
  <testcase classname="TestCase.Dashboard" name="testCase_AddRole" time="3.685"/>
  <testcase classname="TestCase.Dashboard" name="testCase_TopDropdownCompanyProfile" time="0.0">
    <ignored/>
  </testcase> <!-- testCase_TopDropdownCompanyProfile -->
  <testcase classname="TestCase.Dashboard" name="testCase_TransactionsDropdown" time="0.0">
    <ignored/>
  </testcase> <!-- testCase_TransactionsDropdown -->
  <testcase classname="TestCase.Dashboard" name="verifyDashboardTitle" time="0.0">
    <ignored/>
  </testcase> <!-- verifyDashboardTitle -->
  <testcase classname="TestCase.Dashboard" name="testCase_AddCMSSystemUser" time="0.0">
    <ignored/>
  </testcase> <!-- testCase_AddCMSSystemUser -->
  <testcase classname="TestCase.Dashboard" name="testCase_CustomDateSelection" time="0.0">
    <ignored/>
  </testcase> <!-- testCase_CustomDateSelection -->
</testsuite> <!-- Default test -->
