<?xml version="1.0" encoding="UTF-8"?>
<testng-results ignored="0" total="1" passed="1" failed="0" skipped="0">
  <reporter-output>
  </reporter-output>
  <suite started-at="2025-04-02T00:02:11 IST" name="Default suite" finished-at="2025-04-02T00:02:19 IST" duration-ms="8099">
    <groups>
    </groups>
    <test started-at="2025-04-02T00:02:11 IST" name="Default test" finished-at="2025-04-02T00:02:19 IST" duration-ms="8099">
      <class name="TestCase.Dashboard">
        <test-method is-config="true" signature="setUp()[pri:0, instance:TestCase.Dashboard@36fc695d]" started-at="2025-04-02T00:02:11 IST" name="setUp" finished-at="2025-04-02T00:02:15 IST" duration-ms="3884" status="PASS">
          <reporter-output>
          </reporter-output>
        </test-method> <!-- setUp -->
        <test-method is-config="true" signature="Setup()[pri:0, instance:TestCase.Dashboard@36fc695d]" started-at="2025-04-02T00:02:15 IST" name="Setup" finished-at="2025-04-02T00:02:15 IST" duration-ms="492" status="PASS">
          <reporter-output>
          </reporter-output>
        </test-method> <!-- Setup -->
        <test-method signature="testCase_AddRole()[pri:6, instance:TestCase.Dashboard@36fc695d]" started-at="2025-04-02T00:02:15 IST" name="testCase_AddRole" finished-at="2025-04-02T00:02:19 IST" duration-ms="3685" status="PASS">
          <reporter-output>
          </reporter-output>
        </test-method> <!-- testCase_AddRole -->
        <test-method is-config="true" signature="tearDown()[pri:0, instance:TestCase.Dashboard@36fc695d]" started-at="2025-04-02T00:02:19 IST" name="tearDown" finished-at="2025-04-02T00:02:19 IST" duration-ms="0" status="PASS">
          <reporter-output>
          </reporter-output>
        </test-method> <!-- tearDown -->
      </class> <!-- TestCase.Dashboard -->
    </test> <!-- Default test -->
  </suite> <!-- Default suite -->
</testng-results>
