<?xml version="1.0" encoding="UTF-8"?>
<testng-results ignored="0" total="1" passed="1" failed="0" skipped="0">
  <reporter-output>
  </reporter-output>
  <suite started-at="2025-03-22T01:09:23 IST" name="Default suite" finished-at="2025-03-22T01:09:28 IST" duration-ms="5280">
    <groups>
    </groups>
    <test started-at="2025-03-22T01:09:23 IST" name="Default test" finished-at="2025-03-22T01:09:28 IST" duration-ms="5280">
      <class name="TestCase.Login">
        <test-method is-config="true" signature="setUp()[pri:0, instance:TestCase.Login@5e0e82ae]" started-at="2025-03-22T01:09:23 IST" name="setUp" finished-at="2025-03-22T01:09:26 IST" duration-ms="3620" status="PASS">
          <reporter-output>
          </reporter-output>
        </test-method> <!-- setUp -->
        <test-method signature="TestCase_001()[pri:0, instance:TestCase.Login@5e0e82ae]" started-at="2025-03-22T01:09:26 IST" name="TestCase_001" finished-at="2025-03-22T01:09:28 IST" duration-ms="1400" status="PASS">
          <reporter-output>
          </reporter-output>
        </test-method> <!-- TestCase_001 -->
        <test-method is-config="true" signature="tearDown()[pri:0, instance:TestCase.Login@5e0e82ae]" started-at="2025-03-22T01:09:28 IST" name="tearDown" finished-at="2025-03-22T01:09:28 IST" duration-ms="214" status="PASS">
          <reporter-output>
          </reporter-output>
        </test-method> <!-- tearDown -->
      </class> <!-- TestCase.Login -->
    </test> <!-- Default test -->
  </suite> <!-- Default suite -->
</testng-results>
